<?xml version="1.0" encoding="UTF-8"?>
<testsuite name="SILab2Test" tests="2" skipped="0" failures="0" errors="0" timestamp="2023-05-29T19:01:54" hostname="DESKTOP-HE6D0EN" time="0.037">
  <properties/>
  <testcase name="testMultipleCondition()" classname="SILab2Test" time="0.036"/>
  <testcase name="testEveryBranch()" classname="SILab2Test" time="0.001"/>
  <system-out><![CDATA[]]></system-out>
  <system-err><![CDATA[]]></system-err>
</testsuite>
